0 info it worked if it ends with ok
1 verbose cli [ 'C:\\Program Files\\nodejs\\node.exe',
1 verbose cli   'C:\\Program Files\\nodejs\\node_modules\\npm\\bin\\npm-cli.js',
1 verbose cli   'run',
1 verbose cli   'watch' ]
2 info using npm@4.0.5
3 info using node@v7.4.0
4 verbose run-script [ 'prewatch', 'watch', 'postwatch' ]
5 info lifecycle angular_hello_world_example@1.0.0~prewatch: angular_hello_world_example@1.0.0
6 silly lifecycle angular_hello_world_example@1.0.0~prewatch: no script for prewatch, continuing
7 info lifecycle angular_hello_world_example@1.0.0~watch: angular_hello_world_example@1.0.0
8 verbose lifecycle angular_hello_world_example@1.0.0~watch: unsafe-perm in lifecycle true
9 verbose lifecycle angular_hello_world_example@1.0.0~watch: PATH: C:\Program Files\nodejs\node_modules\npm\bin\node-gyp-bin;C:\Users\user\git_workdspace\TechOffice-TypeScript\020-Angular\010-Core\080-DynamicComponentExample\node_modules\.bin;C:\oraclexe\app\oracle\product\11.2.0\server\bin;C:\Program Files\Java\jdk1.8.0_111\bin;C:\WINDOWS\system32;C:\WINDOWS;C:\WINDOWS\System32\Wbem;C:\WINDOWS\System32\WindowsPowerShell\v1.0\;C:\Program Files\Intel\WiFi\bin\;C:\Program Files\Common Files\Intel\WirelessCommon\;C:\Program Files\nodejs\;C:\WINDOWS\system32\config\systemprofile\.dnx\bin;C:\Program Files\Microsoft DNX\Dnvm\;C:\portable\apache-maven-3.3.9\bin;C:\Program Files\dotnet\;C:\Program Files (x86)\Windows Kits\10\Windows Performance Toolkit\;C:\portable\php-7.1.1-Win32-VC14-x64;C:\MinGW\bin;C:\Program Files (x86)\GtkSharp\2.12\bin;C:\Users\user\AppData\Local\Programs\Python\Python36-32;C:\Users\user\AppData\Local\Programs\Python\Python36-32\Scripts;C:\ProgramData\ComposerSetup\bin;C:\portable\phantomjs-2.1.1-windows\phantomjs-2.1.1-windows\bin;C:\Program Files (x86)\Yarn\bin;C:\Program Files\TortoiseGit\bin;C:\PostgreSQL\pg96\bin;C:\WINDOWS\System32\OpenSSH\;C:\Program Files\Git\cmd;C:\Program Files (x86)\Microsoft Visual Studio 14.0\VC\bin;C:\MinGW\msys\1.0\bin;C:\Users\user\AppData\Local\Programs\Python\Python36;C:\Users\user\AppData\Local\Programs\Python\Python36\Scripts;C:\Users\user\AppData\Roaming\npm;C:\Users\user\AppData\Local\atom\bin;C:\Users\user\AppData\Local\Microsoft\WindowsApps;C:\Users\user\AppData\Roaming\Composer\vendor\bin;C:\Users\user\AppData\Local\Yarn\bin;C:\portable\nuget;C:\Program Files\Microsoft VS Code\bin;C:\Windows\Microsoft.NET\Framework\v4.0.30319;C:\Program Files\Heroku\bin;
10 verbose lifecycle angular_hello_world_example@1.0.0~watch: CWD: C:\Users\user\git_workdspace\TechOffice-TypeScript\020-Angular\010-Core\080-DynamicComponentExample
11 silly lifecycle angular_hello_world_example@1.0.0~watch: Args: [ '/d /s /c', 'webpack --progress --colors --watch' ]
12 silly lifecycle angular_hello_world_example@1.0.0~watch: Returned: code: 3221225786  signal: null
13 info lifecycle angular_hello_world_example@1.0.0~watch: Failed to exec watch script
14 verbose stack Error: angular_hello_world_example@1.0.0 watch: `webpack --progress --colors --watch`
14 verbose stack Exit status 3221225786
14 verbose stack     at EventEmitter.<anonymous> (C:\Program Files\nodejs\node_modules\npm\lib\utils\lifecycle.js:279:16)
14 verbose stack     at emitTwo (events.js:106:13)
14 verbose stack     at EventEmitter.emit (events.js:191:7)
14 verbose stack     at ChildProcess.<anonymous> (C:\Program Files\nodejs\node_modules\npm\lib\utils\spawn.js:40:14)
14 verbose stack     at emitTwo (events.js:106:13)
14 verbose stack     at ChildProcess.emit (events.js:191:7)
14 verbose stack     at maybeClose (internal/child_process.js:885:16)
14 verbose stack     at Process.ChildProcess._handle.onexit (internal/child_process.js:226:5)
15 verbose pkgid angular_hello_world_example@1.0.0
16 verbose cwd C:\Users\user\git_workdspace\TechOffice-TypeScript\020-Angular\010-Core\080-DynamicComponentExample
17 error Windows_NT 10.0.17134
18 error argv "C:\\Program Files\\nodejs\\node.exe" "C:\\Program Files\\nodejs\\node_modules\\npm\\bin\\npm-cli.js" "run" "watch"
19 error node v7.4.0
20 error npm  v4.0.5
21 error code ELIFECYCLE
22 error angular_hello_world_example@1.0.0 watch: `webpack --progress --colors --watch`
22 error Exit status 3221225786
23 error Failed at the angular_hello_world_example@1.0.0 watch script 'webpack --progress --colors --watch'.
23 error Make sure you have the latest version of node.js and npm installed.
23 error If you do, this is most likely a problem with the angular_hello_world_example package,
23 error not with npm itself.
23 error Tell the author that this fails on your system:
23 error     webpack --progress --colors --watch
23 error You can get information on how to open an issue for this project with:
23 error     npm bugs angular_hello_world_example
23 error Or if that isn't available, you can get their info via:
23 error     npm owner ls angular_hello_world_example
23 error There is likely additional logging output above.
24 verbose exit [ 1, true ]
