0 info it worked if it ends with ok
1 verbose cli [ 'D:\\Program Files\\nodejs\\node.exe',
1 verbose cli   'D:\\Program Files\\nodejs\\node_modules\\npm\\bin\\npm-cli.js',
1 verbose cli   'run',
1 verbose cli   'watch' ]
2 info using npm@3.10.10
3 info using node@v6.10.3
4 verbose run-script [ 'prewatch', 'watch', 'postwatch' ]
5 info lifecycle react_hello_world_example@1.0.0~prewatch: react_hello_world_example@1.0.0
6 silly lifecycle react_hello_world_example@1.0.0~prewatch: no script for prewatch, continuing
7 info lifecycle react_hello_world_example@1.0.0~watch: react_hello_world_example@1.0.0
8 verbose lifecycle react_hello_world_example@1.0.0~watch: unsafe-perm in lifecycle true
9 verbose lifecycle react_hello_world_example@1.0.0~watch: PATH: D:\Program Files\nodejs\node_modules\npm\bin\node-gyp-bin;c:\Users\panwaicheng\git_workspace\TechOffice-TypeScript\030-React\900-Others\050-UiMaterial\020-UiMaterialReactRouterExample\node_modules\.bin;C:\Program Files\HP_Fortify\HP_Fortify_SCA_and_Apps_4.42\bin;C:\oraclexe\app\oracle\product\11.2.0\server\bin;C:\ProgramData\Oracle\Java\javapath;C:\windows\system32;C:\windows;C:\windows\System32\Wbem;C:\Program Files (x86)\Enterprise Vault\EVClient\;D:\Program Files\nodejs\;C:\Program Files\TortoiseSVN\bin;C:\windows\System32\WindowsPowerShell\v1.0\;C:\windows\System32\WindowsPowerShell\v1.0\;C:\windows\System32\WindowsPowerShell\v1.0\;C:\Program Files\Java\jdk1.6.0_45\bin;C:\Users\panwaicheng\AppData\Local\Programs\Python\Launcher\;C:\oraclexe\app\oracle\product\11.2.0\server\bin;C:\windows\system32;C:\windows;C:\windows\System32\Wbem;C:\windows\System32\WindowsPowerShell\v1.0\;C:\Program Files (x86)\Enterprise Vault\EVClient\;D:\Program Files\nodejs\;D:\Software\apache-maven-3.5.0\bin;C:\Users\panwaicheng\AppData\Roaming\npm;D:\Program Files\Heroku\bin;D:\Software\gradle-4.5\bin;D:\Software\Apache-Subversion-1.9.7\bin;D:\Software\dotnet-sdk-2.1.4-win-x64;C:\Windows\Microsoft.NET\Framework\v4.0.30319;C:\cygwin64\bin;D:\Software\apache-ant-1.10.1\bin;D:\Software\BossTempalteGenerator;D:\Software\PortableGit\bin;C:\Users\panwaicheng\AppData\Local\Programs\Python\Python36-32\Scripts;C:\Users\panwaicheng\AppData\Local\Programs\Python\Python36-32;D:\Software\php-7.2.3-Win32-VC15-x64;C:\Users\panwaicheng\AppData\Local\ComposerSetup\bin;C:\Users\panwaicheng\AppData\Roaming\Composer\vendor\bin;D:\Software\mysql-5.7.21-winx64\mysql-5.7.21-winx64\bin
10 verbose lifecycle react_hello_world_example@1.0.0~watch: CWD: c:\Users\panwaicheng\git_workspace\TechOffice-TypeScript\030-React\900-Others\050-UiMaterial\020-UiMaterialReactRouterExample
11 silly lifecycle react_hello_world_example@1.0.0~watch: Args: [ '/d /s /c', 'webpack --progress --colors --watch' ]
12 silly lifecycle react_hello_world_example@1.0.0~watch: Returned: code: 3221225786  signal: null
13 info lifecycle react_hello_world_example@1.0.0~watch: Failed to exec watch script
14 verbose stack Error: react_hello_world_example@1.0.0 watch: `webpack --progress --colors --watch`
14 verbose stack Exit status 3221225786
14 verbose stack     at EventEmitter.<anonymous> (D:\Program Files\nodejs\node_modules\npm\lib\utils\lifecycle.js:255:16)
14 verbose stack     at emitTwo (events.js:106:13)
14 verbose stack     at EventEmitter.emit (events.js:191:7)
14 verbose stack     at ChildProcess.<anonymous> (D:\Program Files\nodejs\node_modules\npm\lib\utils\spawn.js:40:14)
14 verbose stack     at emitTwo (events.js:106:13)
14 verbose stack     at ChildProcess.emit (events.js:191:7)
14 verbose stack     at maybeClose (internal/child_process.js:886:16)
14 verbose stack     at Process.ChildProcess._handle.onexit (internal/child_process.js:226:5)
15 verbose pkgid react_hello_world_example@1.0.0
16 verbose cwd c:\Users\panwaicheng\git_workspace\TechOffice-TypeScript\030-React\900-Others\050-UiMaterial\020-UiMaterialReactRouterExample
17 error Windows_NT 6.1.7601
18 error argv "D:\\Program Files\\nodejs\\node.exe" "D:\\Program Files\\nodejs\\node_modules\\npm\\bin\\npm-cli.js" "run" "watch"
19 error node v6.10.3
20 error npm  v3.10.10
21 error code ELIFECYCLE
22 error react_hello_world_example@1.0.0 watch: `webpack --progress --colors --watch`
22 error Exit status 3221225786
23 error Failed at the react_hello_world_example@1.0.0 watch script 'webpack --progress --colors --watch'.
23 error Make sure you have the latest version of node.js and npm installed.
23 error If you do, this is most likely a problem with the react_hello_world_example package,
23 error not with npm itself.
23 error Tell the author that this fails on your system:
23 error     webpack --progress --colors --watch
23 error You can get information on how to open an issue for this project with:
23 error     npm bugs react_hello_world_example
23 error Or if that isn't available, you can get their info via:
23 error     npm owner ls react_hello_world_example
23 error There is likely additional logging output above.
24 verbose exit [ 1, true ]
