0 info it worked if it ends with ok
1 verbose cli [ 'C:\\Program Files\\nodejs\\node.exe',
1 verbose cli   'C:\\Program Files\\nodejs\\node_modules\\npm\\bin\\npm-cli.js',
1 verbose cli   'run',
1 verbose cli   'watch' ]
2 info using npm@4.0.5
3 info using node@v7.4.0
4 verbose run-script [ 'prewatch', 'watch', 'postwatch' ]
5 info lifecycle redux_form_example@1.0.0~prewatch: redux_form_example@1.0.0
6 silly lifecycle redux_form_example@1.0.0~prewatch: no script for prewatch, continuing
7 info lifecycle redux_form_example@1.0.0~watch: redux_form_example@1.0.0
8 verbose lifecycle redux_form_example@1.0.0~watch: unsafe-perm in lifecycle true
9 verbose lifecycle redux_form_example@1.0.0~watch: PATH: C:\Program Files\nodejs\node_modules\npm\bin\node-gyp-bin;C:\Users\user\git_workspace\TechOffice-TypeScript\030-React\900-Others\060-ReduxForm\030-ReduxFormMaterialUi\node_modules\.bin;C:\oraclexe\app\oracle\product\11.2.0\server\bin;C:\Program Files\Java\jdk1.8.0_111\bin;C:\WINDOWS\system32;C:\WINDOWS;C:\WINDOWS\System32\Wbem;C:\WINDOWS\System32\WindowsPowerShell\v1.0\;C:\Program Files\Intel\WiFi\bin\;C:\Program Files\Common Files\Intel\WirelessCommon\;C:\Program Files\nodejs\;C:\WINDOWS\system32\config\systemprofile\.dnx\bin;C:\Program Files\Microsoft DNX\Dnvm\;C:\portable\apache-maven-3.3.9\bin;C:\Program Files\dotnet\;C:\Program Files (x86)\Windows Kits\10\Windows Performance Toolkit\;C:\portable\php-5.6.36-nts-Win32-VC11-x64;C:\MinGW\bin;C:\Program Files (x86)\GtkSharp\2.12\bin;C:\Users\user\AppData\Local\Programs\Python\Python36-32;C:\Users\user\AppData\Local\Programs\Python\Python36-32\Scripts;C:\ProgramData\ComposerSetup\bin;C:\portable\phantomjs-2.1.1-windows\phantomjs-2.1.1-windows\bin;C:\Program Files (x86)\Yarn\bin;C:\PostgreSQL\pg96\bin;C:\WINDOWS\System32\OpenSSH\;C:\Program Files\Git\cmd;C:\Program Files (x86)\Microsoft Visual Studio 14.0\VC\bin;C:\MinGW\msys\1.0\bin;C:\Users\user\AppData\Local\Programs\Python\Python36;C:\Users\user\AppData\Local\Programs\Python\Python36\Scripts;C:\Program Files\TortoiseGit\bin;C:\portable\mysql-8.0.11-winx64\bin;C:\Users\user\AppData\Roaming\npm;C:\Users\user\AppData\Local\atom\bin;C:\Users\user\AppData\Local\Microsoft\WindowsApps;C:\Users\user\AppData\Roaming\Composer\vendor\bin;C:\Users\user\AppData\Local\Yarn\bin;C:\portable\nuget;C:\Program Files\Microsoft VS Code\bin;C:\Windows\Microsoft.NET\Framework\v4.0.30319;C:\Program Files\Heroku\bin;
10 verbose lifecycle redux_form_example@1.0.0~watch: CWD: C:\Users\user\git_workspace\TechOffice-TypeScript\030-React\900-Others\060-ReduxForm\030-ReduxFormMaterialUi
11 silly lifecycle redux_form_example@1.0.0~watch: Args: [ '/d /s /c', 'webpack --progress --colors --watch' ]
12 verbose stack Error: kill ENOSYS
12 verbose stack     at exports._errnoException (util.js:1022:11)
12 verbose stack     at process.kill (internal/process.js:173:13)
12 verbose stack     at process.listener (C:\Program Files\nodejs\node_modules\npm\node_modules\npmlog\node_modules\gauge\node_modules\signal-exit\index.js:86:15)
12 verbose stack     at emitNone (events.js:91:20)
12 verbose stack     at process.emit (events.js:185:7)
12 verbose stack     at processEmit (C:\Program Files\nodejs\node_modules\npm\node_modules\npmlog\node_modules\gauge\node_modules\signal-exit\index.js:146:32)
12 verbose stack     at processEmit (C:\Program Files\nodejs\node_modules\npm\node_modules\npm-registry-client\node_modules\npmlog\node_modules\gauge\node_modules\signal-exit\index.js:146:32)
12 verbose stack     at Signal.wrap.onsignal (internal/process.js:200:44)
13 verbose cwd C:\Users\user\git_workspace\TechOffice-TypeScript\030-React\900-Others\060-ReduxForm\030-ReduxFormMaterialUi
14 error Windows_NT 10.0.17134
15 error argv "C:\\Program Files\\nodejs\\node.exe" "C:\\Program Files\\nodejs\\node_modules\\npm\\bin\\npm-cli.js" "run" "watch"
16 error node v7.4.0
17 error npm  v4.0.5
18 error code ENOSYS
19 error errno ENOSYS
20 error syscall kill
21 error kill ENOSYS
22 error If you need help, you may report this error at:
22 error     <https://github.com/npm/npm/issues>
23 verbose exit [ 1, true ]
